Determining if the pthread_create exist failed with the following output:
Change Dir: /home/m/2017_1/cg/dcc027-boids/build/CMakeFiles/CMakeTmp

Run Build Command:"/usr/bin/make" "cmTC_399ec/fast"
/usr/bin/make -f CMakeFiles/cmTC_399ec.dir/build.make CMakeFiles/cmTC_399ec.dir/build
make[1]: Entering directory '/home/m/documents/ufmg/6_semestre/cg/dcc027-boids/build/CMakeFiles/CMakeTmp'
Building C object CMakeFiles/cmTC_399ec.dir/CheckSymbolExists.c.o
/usr/bin/cc    -o CMakeFiles/cmTC_399ec.dir/CheckSymbolExists.c.o   -c /home/m/2017_1/cg/dcc027-boids/build/CMakeFiles/CMakeTmp/CheckSymbolExists.c
Linking C executable cmTC_399ec
/usr/local/bin/cmake -E cmake_link_script CMakeFiles/cmTC_399ec.dir/link.txt --verbose=1
/usr/bin/cc      -rdynamic CMakeFiles/cmTC_399ec.dir/CheckSymbolExists.c.o  -o cmTC_399ec 
CMakeFiles/cmTC_399ec.dir/CheckSymbolExists.c.o: In function `main':
CheckSymbolExists.c:(.text+0x16): undefined reference to `pthread_create'
collect2: error: ld returned 1 exit status
CMakeFiles/cmTC_399ec.dir/build.make:97: recipe for target 'cmTC_399ec' failed
make[1]: *** [cmTC_399ec] Error 1
make[1]: Leaving directory '/home/m/documents/ufmg/6_semestre/cg/dcc027-boids/build/CMakeFiles/CMakeTmp'
Makefile:126: recipe for target 'cmTC_399ec/fast' failed
make: *** [cmTC_399ec/fast] Error 2

File /home/m/2017_1/cg/dcc027-boids/build/CMakeFiles/CMakeTmp/CheckSymbolExists.c:
/* */
#include <pthread.h>

int main(int argc, char** argv)
{
  (void)argv;
#ifndef pthread_create
  return ((int*)(&pthread_create))[argc];
#else
  (void)argc;
  return 0;
#endif
}

Determining if the function pthread_create exists in the pthreads failed with the following output:
Change Dir: /home/m/2017_1/cg/dcc027-boids/build/CMakeFiles/CMakeTmp

Run Build Command:"/usr/bin/make" "cmTC_2cf4e/fast"
/usr/bin/make -f CMakeFiles/cmTC_2cf4e.dir/build.make CMakeFiles/cmTC_2cf4e.dir/build
make[1]: Entering directory '/home/m/documents/ufmg/6_semestre/cg/dcc027-boids/build/CMakeFiles/CMakeTmp'
Building C object CMakeFiles/cmTC_2cf4e.dir/CheckFunctionExists.c.o
/usr/bin/cc   -DCHECK_FUNCTION_EXISTS=pthread_create   -o CMakeFiles/cmTC_2cf4e.dir/CheckFunctionExists.c.o   -c /usr/local/share/cmake-3.8/Modules/CheckFunctionExists.c
Linking C executable cmTC_2cf4e
/usr/local/bin/cmake -E cmake_link_script CMakeFiles/cmTC_2cf4e.dir/link.txt --verbose=1
/usr/bin/cc  -DCHECK_FUNCTION_EXISTS=pthread_create    -rdynamic CMakeFiles/cmTC_2cf4e.dir/CheckFunctionExists.c.o  -o cmTC_2cf4e -lpthreads 
/usr/bin/ld: cannot find -lpthreads
collect2: error: ld returned 1 exit status
CMakeFiles/cmTC_2cf4e.dir/build.make:97: recipe for target 'cmTC_2cf4e' failed
make[1]: *** [cmTC_2cf4e] Error 1
make[1]: Leaving directory '/home/m/documents/ufmg/6_semestre/cg/dcc027-boids/build/CMakeFiles/CMakeTmp'
Makefile:126: recipe for target 'cmTC_2cf4e/fast' failed
make: *** [cmTC_2cf4e/fast] Error 2


